     1                                  bits 32 ; assembling for the 32 bits architecture
     2                                  
     3                                  ; declare the EntryPoint (a label defining the very first instruction of the program)
     4                                  global start        
     5                                  
     6                                  ; declare external functions needed by our program
     7                                  extern exit               ; tell nasm that exit exists even if we won't be defining it
     8                                  import exit msvcrt.dll    ; exit is a function that ends the calling process. It is defined in msvcrt.dll
     9                                                            ; msvcrt.dll contains exit, printf and all the other important C-runtime specific functions
    10                                  
    11                                  ; our data is declared here (the variables needed by our program)
    12                                  segment data use32 class=data
    13 00000000 1234000022232305           a dd 3412h, 5232322h
    14 00000008 <res 00000002>             c resb 2
    15                                  ; our code starts here
    16                                  segment code use32 class=code
    17                                      start:
    18 00000000 66B8F1FF                        mov ax, -15
    19 00000004 B103                            mov cl, 3 
    20 00000006 66D3E8                          shr ax,cl
    21                                  
    22                                      
    23                                              ; push the parameter for exit onto the stack
    24 00000009 FF15[00000000]                  call    [exit]       ; call exit to terminate the program
