     1                                  
     2                                  bits 32 ;assembling for the 32 bits architecture
     3                                  ; the start label will be the entry point in the program
     4                                  global  start 
     5                                  
     6                                  extern  exit ; we inform the assembler that the exit symbol is foreign, i.e. it exists even if we won't be defining it
     7                                  
     8                                  import  exit msvcrt.dll; exit is a function that ends the process, it is defined in msvcrt.dll
     9                                          ; msvcrt.dll contains exit, printf and all the other important C-runtime functions
    10                                  segment  data use32 class=data ; the data segment where the variables are declared 
    11 00000000 01                      	a  db 1h
    12 00000001 04                      	b  db 4h
    13 00000002 04                          c  db 4h
    14 00000003 0400                        d  dw 4h
    15                                      
    16                                  segment  code use32 class=code ; code segment
    17                                  start: 
    18 00000000 66B80000                	mov ax, 0;
    19 00000004 A0[00000000]                mov al, [a];
    20 00000009 8A25[00000000]              mov ah, [a];
    21                                      
    22 0000000F F6E0                        mul al;
    23 00000011 88C1                        mov cl,al;
    24                                      
    25                                      
    26 00000013 66BB0000                    mov bx, 0;
    27 00000017 8A1D[01000000]              mov bl, [b];
    28 0000001D 80EB01                      sub bl, 1;
    29 00000020 B002                        mov al, 2;
    30                                      
    31 00000022 F6E3                        mul bl;
    32                                      
    33 00000024 28C8                        sub al,cl;
    34 00000026 2A05[03000000]              sub al,[d];
    35                                         
    36                                  	
    37 0000002C 6A00                    	push   dword 0 ;saves on stack the parameter of the function exit
    38 0000002E FF15[00000000]          	call   [exit] ; function exit is called in order to end the execution of
