('Identifier', '(3, 0)')
('Identifier', '(2, 0)')
('(', '-1')
('Identifier', '(11, 1)')
('Identifier', '(17, 0)')
(',', '-1')
('Identifier', '(11, 1)')
('Identifier', '(18, 0)')
(')', '-1')
('{', '-1')
('Identifier', '(11, 1)')
('Identifier', '(16, 0)')
(';', '-1')
('Identifier', '(17, 1)')
('(', '-1')
('Identifier', '(18, 0)')
('!=', '-1')
(')', '-1')
('{', '-1')
('Identifier', '(16, 0)')
(':=', '-1')
('Identifier', '(18, 0)')
(';', '-1')
('Identifier', '(18, 0)')
(':=', '-1')
('Identifier', '(17, 0)')
('Identifier', '(0, 0)')
('Identifier', '(18, 0)')
(';', '-1')
('Identifier', '(17, 0)')
(':=', '-1')
('Identifier', '(16, 0)')
(';', '-1')
('}', '-1')
(';', '-1')
('Identifier', '(12, 0)')
('Identifier', '(17, 0)')
(';', '-1')
('}', '-1')
