('def', '-1')
('Identifier', '(9, 1)')
('(', '-1')
('int', '-1')
('Identifier', '(17, 0)')
(',', '-1')
('int', '-1')
('Identifier', '(18, 0)')
(',', '-1')
('int', '-1')
('Identifier', '(19, 0)')
(')', '-1')
('{', '-1')
('int', '-1')
('Identifier', '(2, 0)')
(';', '-1')
('Identifier', '(2, 0)')
(':=', '-1')
('Identifier', '(17, 0)')
(';', '-1')
('if', '-1')
('(', '-1')
('Identifier', '(18, 0)')
('<', '-1')
('Identifier', '(4, 0)')
('Identifier', '(18, 1)')
(')', '-1')
('{', '-1')
('Identifier', '(2, 0)')
(':=', '-1')
('Identifier', '(18, 0)')
(';', '-1')
('}', '-1')
('if', '-1')
('(', '-1')
('Identifier', '(19, 0)')
('<', '-1')
('Identifier', '(2, 0)')
(')', '-1')
('{', '-1')
('Identifier', '(2, 0)')
(':=', '-1')
('Identifier', '(19, 0)')
(';', '-1')
('}', '-1')
('print', '-1')
('(', '-1')
('Const', '(11, 1)')
(',', '-1')
('Identifier', '(5, 0)')
(';', '-1')
('print', '-1')
('(', '-1')
('Const', '(9, 2)')
(',', '-1')
('Identifier', '(3, 0)')
(';', '-1')
('}', '-1')
